\BOOKMARK [1][-]{section.1}{I.1 Estadística. Análisis Exploratorio de Datos}{}% 1
\BOOKMARK [2][-]{subsection.1.1}{¿Qué es la estadística?}{section.1}% 2
\BOOKMARK [3][-]{subsubsection.1.1.1}{Variables\040y\040observaciones}{subsection.1.1}% 3
\BOOKMARK [3][-]{subsubsection.1.1.2}{Etapas en el procesado estadístico de datos}{subsection.1.1}% 4
\BOOKMARK [3][-]{subsubsection.1.1.3}{Secuencias,\040tablas\040y\040series\040temporales}{subsection.1.1}% 5
\BOOKMARK [3][-]{subsubsection.1.1.4}{¿Qué es el análisis exploratorio de datos?}{subsection.1.1}% 6
\BOOKMARK [2][-]{subsection.1.2}{Lectura\040de\040datos\040del\040Banco\040Mundial}{section.1}% 7
\BOOKMARK [3][-]{subsubsection.1.2.1}{Análisis preliminar de la población mundial}{subsection.1.2}% 8
\BOOKMARK [3][-]{subsubsection.1.2.2}{Ordenación de países por población. Estadísticos de orden}{subsection.1.2}% 9
\BOOKMARK [3][-]{subsubsection.1.2.3}{Algunas descripciones gráficas}{subsection.1.2}% 10
\BOOKMARK [2][-]{subsection.1.3}{Histogramas}{section.1}% 11
\BOOKMARK [3][-]{subsubsection.1.3.1}{Histograma\040acumulativo}{subsection.1.3}% 12
\BOOKMARK [2][-]{subsection.1.4}{Estadísticos descriptivos: cuantiles, forma, tendencia central, dispersión}{section.1}% 13
\BOOKMARK [3][-]{subsubsection.1.4.1}{Cuantiles}{subsection.1.4}% 14
\BOOKMARK [3][-]{subsubsection.1.4.2}{Diagrama\040de\040caja\040y\040bigote\040\(box\040and\040whisker\040plot\)}{subsection.1.4}% 15
\BOOKMARK [3][-]{subsubsection.1.4.3}{Coeficientes\040de\040forma}{subsection.1.4}% 16
\BOOKMARK [3][-]{subsubsection.1.4.4}{Estadísticos de tendencia central}{subsection.1.4}% 17
\BOOKMARK [3][-]{subsubsection.1.4.5}{Estadísticos de dispersión}{subsection.1.4}% 18
\BOOKMARK [3][-]{subsubsection.1.4.6}{Estadísticos de resumen}{subsection.1.4}% 19
\BOOKMARK [2][-]{subsection.1.5}{Series\040temporales}{section.1}% 20
\BOOKMARK [3][-]{subsubsection.1.5.1}{Estacionariedad}{subsection.1.5}% 21
\BOOKMARK [2][-]{subsection.1.6}{Relación entre variables estadísticas}{section.1}% 22
\BOOKMARK [2][-]{subsection.1.7}{Análisis del producto interior bruto \(PIB\) mundial}{section.1}% 23
\BOOKMARK [2][-]{subsection.1.8}{Análisis de la renta per cápita \(PIBpc\) mundial}{section.1}% 24
\BOOKMARK [2][-]{subsection.1.9}{Análisis de la esperanza de vida de los países del mundo}{section.1}% 25
